"../../../Engine/Content/EditorResources/S_Actor.ubulk" 0
"../../../Engine/Content/EditorResources/S_Actor.uasset" 1
"../../../Engine/Content/EditorResources/S_Actor.uexp" 2
"../../../Engine/Content/EditorResources/S_BoxReflectionCapture.uasset" 3
"../../../Engine/Content/EditorResources/S_BoxReflectionCapture.uexp" 4
"../../../Engine/Content/EngineResources/DefaultTexture.ubulk" 5
"../../../Engine/Content/EngineResources/DefaultTexture.uasset" 6
"../../../Engine/Content/EngineResources/DefaultTexture.uexp" 7
"../../../Engine/Content/EngineResources/DefaultTextureCube.uasset" 8
"../../../Engine/Content/EngineResources/DefaultTextureCube.uexp" 9
"../../../Engine/Content/EngineResources/DefaultVolumeTexture2D.uasset" 10
"../../../Engine/Content/EngineResources/DefaultVolumeTexture2D.uexp" 11
"../../../Engine/Content/EngineResources/DefaultVolumeTexture.uasset" 12
"../../../Engine/Content/EngineResources/DefaultVolumeTexture.uexp" 13
"../../../Engine/Content/EditorResources/S_Trigger.ubulk" 14
"../../../Engine/Content/EditorResources/S_Trigger.uasset" 15
"../../../Engine/Content/EditorResources/S_Trigger.uexp" 16
"../../../Engine/Content/EditorResources/S_TriggerBox.uasset" 17
"../../../Engine/Content/EditorResources/S_TriggerBox.uexp" 18
"../../../Engine/Content/EditorResources/S_TriggerCapsule.uasset" 19
"../../../Engine/Content/EditorResources/S_TriggerCapsule.uexp" 20
"../../../Engine/Content/EditorResources/S_TriggerSphere.uasset" 21
"../../../Engine/Content/EditorResources/S_TriggerSphere.uexp" 22
"../../../Engine/Content/EngineMeshes/Sphere.uasset" 23
"../../../Engine/Content/EngineMeshes/Sphere.uexp" 24
"../../../Engine/Content/EngineResources/GradientTexture0.uasset" 25
"../../../Engine/Content/EngineResources/GradientTexture0.uexp" 26
"../../../Engine/Content/VREditor/LaserPointer/VR_LaserPower_01.ubulk" 27
"../../../Engine/Content/VREditor/LaserPointer/VR_LaserPower_01.uasset" 28
"../../../Engine/Content/VREditor/LaserPointer/VR_LaserPower_01.uexp" 29
"../../../Engine/Content/VREditor/TransformGizmo/TransformGizmoMaterial.uasset" 30
"../../../Engine/Content/VREditor/TransformGizmo/TransformGizmoMaterial.uexp" 31
"../../../Engine/Content/VREditor/TransformGizmo/TranslucentTransformGizmoMaterial.uasset" 32
"../../../Engine/Content/VREditor/TransformGizmo/TranslucentTransformGizmoMaterial.uexp" 33
"../../../Engine/Content/VREditor/TransformGizmo/PlaneTranslationHandle.uasset" 34
"../../../Engine/Content/VREditor/TransformGizmo/PlaneTranslationHandle.uexp" 35
"../../../Engine/Content/VREditor/TransformGizmo/BoundingBoxCorner.uasset" 36
"../../../Engine/Content/VREditor/TransformGizmo/BoundingBoxCorner.uexp" 37
"../../../Engine/Content/VREditor/TransformGizmo/BoundingBoxEdge.uasset" 38
"../../../Engine/Content/VREditor/TransformGizmo/BoundingBoxEdge.uexp" 39
"../../../Engine/Content/VREditor/TransformGizmo/Main.uasset" 40
"../../../Engine/Content/VREditor/TransformGizmo/Main.uexp" 41
"../../../Engine/Content/VREditor/TransformGizmo/Xray.uasset" 42
"../../../Engine/Content/VREditor/TransformGizmo/Xray.uexp" 43
"../../../Engine/Content/VREditor/TransformGizmo/SM_Sequencer_Node.uasset" 44
"../../../Engine/Content/VREditor/TransformGizmo/SM_Sequencer_Node.uexp" 45
"../../../Engine/Content/EditorMaterials/Camera/CineMat.uasset" 46
"../../../Engine/Content/EditorMaterials/Camera/CineMat.uexp" 47
"../../../Engine/Content/EditorMaterials/Camera/MI_CineMat_Rig.uasset" 48
"../../../Engine/Content/EditorMaterials/Camera/MI_CineMat_Rig.uexp" 49
"../../../Engine/Content/EditorMeshes/Camera/SM_CraneRig_Base.uasset" 50
"../../../Engine/Content/EditorMeshes/Camera/SM_CraneRig_Base.uexp" 51
"../../../Engine/Content/EditorMeshes/Camera/SM_CraneRig_Arm.uasset" 52
"../../../Engine/Content/EditorMeshes/Camera/SM_CraneRig_Arm.uexp" 53
"../../../Engine/Content/EditorMeshes/Camera/SM_CraneRig_Mount.uasset" 54
"../../../Engine/Content/EditorMeshes/Camera/SM_CraneRig_Mount.uexp" 55
"../../../Engine/Content/EditorMeshes/Camera/SM_CraneRig_Body.uasset" 56
"../../../Engine/Content/EditorMeshes/Camera/SM_CraneRig_Body.uexp" 57
"../../../Engine/Content/EditorMeshes/Camera/SM_RailRig_Track.uasset" 58
"../../../Engine/Content/EditorMeshes/Camera/SM_RailRig_Track.uexp" 59
"../../../Engine/Content/EditorMeshes/Camera/SM_RailRig_Mount.uasset" 60
"../../../Engine/Content/EditorMeshes/Camera/SM_RailRig_Mount.uexp" 61
"../../../Engine/Content/EngineMaterials/T_Default_Material_Grid_M.ubulk" 62
"../../../Engine/Content/EngineMaterials/T_Default_Material_Grid_M.uasset" 63
"../../../Engine/Content/EngineMaterials/T_Default_Material_Grid_M.uexp" 64
"../../../Engine/Content/EngineMaterials/T_Default_Material_Grid_N.ubulk" 65
"../../../Engine/Content/EngineMaterials/T_Default_Material_Grid_N.uasset" 66
"../../../Engine/Content/EngineMaterials/T_Default_Material_Grid_N.uexp" 67
"../../../Engine/Content/Functions/Engine_MaterialFunctions01/Opacity/CameraDepthFade.uasset" 68
"../../../Engine/Content/Functions/Engine_MaterialFunctions01/Opacity/CameraDepthFade.uexp" 69
"../../../Engine/Content/EngineMaterials/WorldGridMaterial.uasset" 70
"../../../Engine/Content/EngineMaterials/WorldGridMaterial.uexp" 71
"../../../Engine/Content/ArtTools/RenderToTexture/Meshes/S_1_Unit_Plane.uasset" 72
"../../../Engine/Content/ArtTools/RenderToTexture/Meshes/S_1_Unit_Plane.uexp" 73
"../../../Engine/Content/EditorMaterials/ParticleSystems/PSysThumbnail_NoImage.ubulk" 74
"../../../Engine/Content/EditorMaterials/ParticleSystems/PSysThumbnail_NoImage.uasset" 75
"../../../Engine/Content/EditorMaterials/ParticleSystems/PSysThumbnail_NoImage.uexp" 76
"../../../Engine/Content/EditorMaterials/ParticleSystems/PSysThumbnail_OOD.ubulk" 77
"../../../Engine/Content/EditorMaterials/ParticleSystems/PSysThumbnail_OOD.uasset" 78
"../../../Engine/Content/EditorMaterials/ParticleSystems/PSysThumbnail_OOD.uexp" 79
"../../../Engine/Content/EditorLandscapeResources/SplineEditorMeshMat.uasset" 80
"../../../Engine/Content/EditorLandscapeResources/SplineEditorMeshMat.uexp" 81
"../../../Engine/Content/EditorLandscapeResources/SplineEditorMesh.uasset" 82
"../../../Engine/Content/EditorLandscapeResources/SplineEditorMesh.uexp" 83
"../../../Engine/Content/EditorResources/S_Solver.ubulk" 84
"../../../Engine/Content/EditorResources/S_Solver.uasset" 85
"../../../Engine/Content/EditorResources/S_Solver.uexp" 86
"../../../Engine/Content/EditorMaterials/AssetViewer/EpicQuadPanorama_CC+EV1.uasset" 87
"../../../Engine/Content/EditorMaterials/AssetViewer/EpicQuadPanorama_CC+EV1.uexp" 88
"../../../Engine/Plugins/Media/MediaPlate/Content/SM_MediaPlateScreen.uasset" 89
"../../../Engine/Plugins/Media/MediaPlate/Content/SM_MediaPlateScreen.uexp" 90
"../../../Engine/Content/EditorLandscapeResources/DefaultAlphaTexture.uasset" 91
"../../../Engine/Content/EditorLandscapeResources/DefaultAlphaTexture.uexp" 92
"../../../Engine/Content/EditorResources/S_Terrain.ubulk" 93
"../../../Engine/Content/EditorResources/S_Terrain.uasset" 94
"../../../Engine/Content/EditorResources/S_Terrain.uexp" 95
"../../../Engine/Content/EngineMaterials/Good64x64TilingNoiseHighFreq.uasset" 96
"../../../Engine/Content/EngineMaterials/Good64x64TilingNoiseHighFreq.uexp" 97
"../../../Engine/Content/EngineMaterials/DefaultBokeh.uasset" 98
"../../../Engine/Content/EngineMaterials/DefaultBokeh.uexp" 99
"../../../Engine/Content/EngineMaterials/PreintegratedSkinBRDF.uasset" 100
"../../../Engine/Content/EngineMaterials/PreintegratedSkinBRDF.uexp" 101
"../../../Engine/Content/EngineMaterials/MiniFont.uasset" 102
"../../../Engine/Content/EngineMaterials/MiniFont.uexp" 103
"../../../Engine/Content/EngineMaterials/WeightMapPlaceholderTexture.uasset" 104
"../../../Engine/Content/EngineMaterials/WeightMapPlaceholderTexture.uexp" 105
"../../../Engine/Content/EngineMaterials/DefaultWhiteGrid.ubulk" 106
"../../../Engine/Content/EngineMaterials/DefaultWhiteGrid.uasset" 107
"../../../Engine/Content/EngineMaterials/DefaultWhiteGrid.uexp" 108
"../../../Engine/Content/MobileResources/HUD/VirtualJoystick_Background.uasset" 109
"../../../Engine/Content/MobileResources/HUD/VirtualJoystick_Background.uexp" 110
"../../../Engine/Content/MobileResources/HUD/VirtualJoystick_Thumb.uasset" 111
"../../../Engine/Content/MobileResources/HUD/VirtualJoystick_Thumb.uexp" 112
"C:/Users/JJJai/Documents/Unreal Projects/Bowling/Content/VirtualBowlingInterface.uasset" 113
"C:/Users/JJJai/Documents/Unreal Projects/Bowling/Content/VirtualBowlingInterface.uexp" 114
"../../../Engine/Content/Functions/Engine_MaterialFunctions02/WorldPositionOffset/CameraOffset.uasset" 115
"../../../Engine/Content/Functions/Engine_MaterialFunctions02/WorldPositionOffset/CameraOffset.uexp" 116
"../../../Engine/Plugins/Animation/ControlRig/Content/M_Manip.uasset" 117
"../../../Engine/Plugins/Animation/ControlRig/Content/M_Manip.uexp" 118
"../../../Engine/Plugins/2D/Paper2D/Content/PlaceholderTextures/DummySpriteTexture.ubulk" 119
"../../../Engine/Plugins/2D/Paper2D/Content/PlaceholderTextures/DummySpriteTexture.uasset" 120
"../../../Engine/Plugins/2D/Paper2D/Content/PlaceholderTextures/DummySpriteTexture.uexp" 121
"../../../Engine/Plugins/2D/Paper2D/Content/DefaultSpriteMaterial.uasset" 122
"../../../Engine/Plugins/2D/Paper2D/Content/DefaultSpriteMaterial.uexp" 123
"../../../Engine/Plugins/2D/Paper2D/Content/OpaqueUnlitSpriteMaterial.uasset" 124
"../../../Engine/Plugins/2D/Paper2D/Content/OpaqueUnlitSpriteMaterial.uexp" 125
"../../../Engine/Plugins/2D/Paper2D/Content/MaskedUnlitSpriteMaterial.uasset" 126
"../../../Engine/Plugins/2D/Paper2D/Content/MaskedUnlitSpriteMaterial.uexp" 127
"../../../Engine/Plugins/2D/Paper2D/Content/DummySprite.uasset" 128
"../../../Engine/Plugins/2D/Paper2D/Content/DummySprite.uexp" 129
"../../../Engine/Plugins/2D/Paper2D/Content/DefaultPaperTerrainMaterial.uasset" 130
"../../../Engine/Plugins/2D/Paper2D/Content/DefaultPaperTerrainMaterial.uexp" 131
"../../../Engine/Content/EditorLandscapeResources/DataLayer.uasset" 132
"../../../Engine/Content/EditorLandscapeResources/DataLayer.uexp" 133
"../../../Engine/Content/EngineSounds/Master.uasset" 134
"../../../Engine/Content/EngineSounds/Master.uexp" 135
"../../../Engine/Plugins/Runtime/MeshModelingToolset/Content/Materials/M_DynamicMeshComponentVtxColor.uasset" 136
"../../../Engine/Plugins/Runtime/MeshModelingToolset/Content/Materials/M_DynamicMeshComponentVtxColor.uexp" 137
"../../../Engine/Plugins/Interchange/Runtime/Content/Pipelines/DefaultTexturePipeline.uasset" 138
"../../../Engine/Plugins/Interchange/Runtime/Content/Pipelines/DefaultTexturePipeline.uexp" 139
"../../../Engine/Plugins/Interchange/Runtime/Content/Pipelines/DefaultSceneLevelPipeline.uasset" 140
"../../../Engine/Plugins/Interchange/Runtime/Content/Pipelines/DefaultSceneLevelPipeline.uexp" 141
"../../../Engine/Plugins/Interchange/Runtime/Content/Pipelines/DefaultSceneAssetsPipeline.uasset" 142
"../../../Engine/Plugins/Interchange/Runtime/Content/Pipelines/DefaultSceneAssetsPipeline.uexp" 143
"../../../Engine/Plugins/Interchange/Runtime/Content/Pipelines/DefaultMaterialPipeline.uasset" 144
"../../../Engine/Plugins/Interchange/Runtime/Content/Pipelines/DefaultMaterialPipeline.uexp" 145
"../../../Engine/Plugins/Interchange/Runtime/Content/Pipelines/DefaultAssetsPipeline.uasset" 146
"../../../Engine/Plugins/Interchange/Runtime/Content/Pipelines/DefaultAssetsPipeline.uexp" 147
"../../../Engine/Content/EngineResources/WhiteSquareTexture.uasset" 148
"../../../Engine/Content/EngineResources/WhiteSquareTexture.uexp" 149
"../../../Engine/Content/Functions/Engine_MaterialFunctions01/Texturing/FlattenNormal.uasset" 150
"../../../Engine/Content/Functions/Engine_MaterialFunctions01/Texturing/FlattenNormal.uexp" 151
"../../../Engine/Content/EngineMaterials/FlatNormal.uasset" 152
"../../../Engine/Content/EngineMaterials/FlatNormal.uexp" 153
"../../../Engine/Plugins/Enterprise/DatasmithContent/Content/Materials/SketchUpReference.uasset" 154
"../../../Engine/Plugins/Enterprise/DatasmithContent/Content/Materials/SketchUpReference.uexp" 155
"../../../Engine/Content/Functions/Engine_MaterialFunctions03/Procedurals/NormalFromHeightmap.uasset" 156
"../../../Engine/Content/Functions/Engine_MaterialFunctions03/Procedurals/NormalFromHeightmap.uexp" 157
"../../../Engine/Content/Functions/Engine_MaterialFunctions02/Texturing/CustomRotator.uasset" 158
"../../../Engine/Content/Functions/Engine_MaterialFunctions02/Texturing/CustomRotator.uexp" 159
"../../../Engine/Plugins/Enterprise/DatasmithContent/Content/Materials/TileMirrorAxis.uasset" 160
"../../../Engine/Plugins/Enterprise/DatasmithContent/Content/Materials/TileMirrorAxis.uexp" 161
"../../../Engine/Plugins/Enterprise/DatasmithContent/Content/Materials/UVEdit.uasset" 162
"../../../Engine/Plugins/Enterprise/DatasmithContent/Content/Materials/UVEdit.uexp" 163
"../../../Engine/Content/ArtTools/RenderToTexture/Textures/127grey.uasset" 164
"../../../Engine/Content/ArtTools/RenderToTexture/Textures/127grey.uexp" 165
"../../../Engine/Plugins/Enterprise/DatasmithContent/Content/Materials/RevitReference.uasset" 166
"../../../Engine/Plugins/Enterprise/DatasmithContent/Content/Materials/RevitReference.uexp" 167
"../../../Engine/Plugins/Enterprise/DatasmithContent/Content/Materials/CE_BaseReference.uasset" 168
"../../../Engine/Plugins/Enterprise/DatasmithContent/Content/Materials/CE_BaseReference.uexp" 169
"../../../Engine/Plugins/Enterprise/DatasmithContent/Content/Materials/CE_OpaqueReference.uasset" 170
"../../../Engine/Plugins/Enterprise/DatasmithContent/Content/Materials/CE_OpaqueReference.uexp" 171
"../../../Engine/Plugins/Enterprise/DatasmithContent/Content/Materials/CE_OpacitySimpleReference.uasset" 172
"../../../Engine/Plugins/Enterprise/DatasmithContent/Content/Materials/CE_OpacitySimpleReference.uexp" 173
"../../../Engine/Plugins/Enterprise/DatasmithContent/Content/Materials/CE_OpacityReference.uasset" 174
"../../../Engine/Plugins/Enterprise/DatasmithContent/Content/Materials/CE_OpacityReference.uexp" 175
"../../../Engine/Content/EngineMaterials/DefaultDiffuse.ubulk" 176
"../../../Engine/Content/EngineMaterials/DefaultDiffuse.uasset" 177
"../../../Engine/Content/EngineMaterials/DefaultDiffuse.uexp" 178
"../../../Engine/Content/EditorLandscapeResources/WhiteSquareTexture.uasset" 179
"../../../Engine/Content/EditorLandscapeResources/WhiteSquareTexture.uexp" 180
"../../../Engine/Plugins/Enterprise/DatasmithContent/Content/Materials/C4DReferenceUV.uasset" 181
"../../../Engine/Plugins/Enterprise/DatasmithContent/Content/Materials/C4DReferenceUV.uexp" 182
"../../../Engine/Content/Functions/Engine_MaterialFunctions02/HueShift.uasset" 183
"../../../Engine/Content/Functions/Engine_MaterialFunctions02/HueShift.uexp" 184
"../../../Engine/Content/EngineMaterials/T_Default_Normal.ubulk" 185
"../../../Engine/Content/EngineMaterials/T_Default_Normal.uasset" 186
"../../../Engine/Content/EngineMaterials/T_Default_Normal.uexp" 187
"../../../Engine/Content/EngineResources/Black.uasset" 188
"../../../Engine/Content/EngineResources/Black.uexp" 189
"../../../Engine/Plugins/Enterprise/DatasmithContent/Content/Materials/C4DReference.uasset" 190
"../../../Engine/Plugins/Enterprise/DatasmithContent/Content/Materials/C4DReference.uexp" 191
"../../../Engine/Plugins/Editor/SpeedTreeImporter/Content/SpeedTree9/game_wind_noise.ubulk" 192
"../../../Engine/Plugins/Editor/SpeedTreeImporter/Content/SpeedTree9/game_wind_noise.uasset" 193
"../../../Engine/Plugins/Editor/SpeedTreeImporter/Content/SpeedTree9/game_wind_noise.uexp" 194
"../../../Engine/Plugins/Editor/SpeedTreeImporter/Content/SpeedTree9/UnpackDirection.uasset" 195
"../../../Engine/Plugins/Editor/SpeedTreeImporter/Content/SpeedTree9/UnpackDirection.uexp" 196
"../../../Engine/Content/Functions/Engine_MaterialFunctions02/ObjectLocalBounds.uasset" 197
"../../../Engine/Content/Functions/Engine_MaterialFunctions02/ObjectLocalBounds.uexp" 198
"../../../Engine/Content/Functions/Engine_MaterialFunctions02/Utility/BreakOutFloat3Components.uasset" 199
"../../../Engine/Content/Functions/Engine_MaterialFunctions02/Utility/BreakOutFloat3Components.uexp" 200
"../../../Engine/Content/Functions/Engine_MaterialFunctions02/UVs/BoundingBoxBased_0-1_UVW.uasset" 201
"../../../Engine/Content/Functions/Engine_MaterialFunctions02/UVs/BoundingBoxBased_0-1_UVW.uexp" 202
"../../../Engine/Content/Functions/Engine_MaterialFunctions02/Utility/VectorLength.uasset" 203
"../../../Engine/Content/Functions/Engine_MaterialFunctions02/Utility/VectorLength.uexp" 204
"../../../Engine/Plugins/Editor/SpeedTreeImporter/Content/SpeedTree9/UnpackInteger3.uasset" 205
"../../../Engine/Plugins/Editor/SpeedTreeImporter/Content/SpeedTree9/UnpackInteger3.uexp" 206
"../../../Engine/Plugins/Editor/SpeedTreeImporter/Content/SpeedTree9/SpeedTreeCameraFacing.uasset" 207
"../../../Engine/Plugins/Editor/SpeedTreeImporter/Content/SpeedTree9/SpeedTreeCameraFacing.uexp" 208
"../../../Engine/Content/Functions/Engine_MaterialFunctions02/WorldPositionOffset/ObjectScale.uasset" 209
"../../../Engine/Content/Functions/Engine_MaterialFunctions02/WorldPositionOffset/ObjectScale.uexp" 210
"../../../Engine/Content/Functions/Engine_MaterialFunctions02/SafeNormalize.uasset" 211
"../../../Engine/Content/Functions/Engine_MaterialFunctions02/SafeNormalize.uexp" 212
"../../../Engine/Plugins/Editor/SpeedTreeImporter/Content/SpeedTree9/SpeedTreeWindMotion.uasset" 213
"../../../Engine/Plugins/Editor/SpeedTreeImporter/Content/SpeedTree9/SpeedTreeWindMotion.uexp" 214
"../../../Engine/Plugins/Editor/SpeedTreeImporter/Content/SpeedTree9/SpeedTreeBranchMotion.uasset" 215
"../../../Engine/Plugins/Editor/SpeedTreeImporter/Content/SpeedTree9/SpeedTreeBranchMotion.uexp" 216
"../../../Engine/Plugins/Editor/SpeedTreeImporter/Content/SpeedTree9/SpeedTreeWind.uasset" 217
"../../../Engine/Plugins/Editor/SpeedTreeImporter/Content/SpeedTree9/SpeedTreeWind.uexp" 218
"../../../Engine/Plugins/Editor/SpeedTreeImporter/Content/SpeedTree9/EmptyNormal.uasset" 219
"../../../Engine/Plugins/Editor/SpeedTreeImporter/Content/SpeedTree9/EmptyNormal.uexp" 220
"../../../Engine/Plugins/Editor/SpeedTreeImporter/Content/SpeedTree9/Empty.uasset" 221
"../../../Engine/Plugins/Editor/SpeedTreeImporter/Content/SpeedTree9/Empty.uexp" 222
"../../../Engine/Plugins/Editor/SpeedTreeImporter/Content/SpeedTree9/SpeedTreeMaster.uasset" 223
"../../../Engine/Plugins/Editor/SpeedTreeImporter/Content/SpeedTree9/SpeedTreeMaster.uexp" 224
"../../../Engine/Plugins/Editor/SpeedTreeImporter/Content/SpeedTree9/SpeedTreeBillboard.uasset" 225
"../../../Engine/Plugins/Editor/SpeedTreeImporter/Content/SpeedTree9/SpeedTreeBillboard.uexp" 226
"../../../Engine/Plugins/Editor/SpeedTreeImporter/Content/SpeedTree9/SpeedTreeBillboardMaster.uasset" 227
"../../../Engine/Plugins/Editor/SpeedTreeImporter/Content/SpeedTree9/SpeedTreeBillboardMaster.uexp" 228
"../../../Engine/Plugins/Animation/ControlRig/Content/Controls/DefaultGizmoLibraryNormalized.uasset" 229
"../../../Engine/Plugins/Animation/ControlRig/Content/Controls/DefaultGizmoLibraryNormalized.uexp" 230
"../../../Engine/Plugins/Animation/ControlRig/Content/Controls/ControlRig_Wedge_solid.uasset" 231
"../../../Engine/Plugins/Animation/ControlRig/Content/Controls/ControlRig_Wedge_solid.uexp" 232
"../../../Engine/Plugins/Animation/ControlRig/Content/Controls/ControlRig_Wedge_3mm.uasset" 233
"../../../Engine/Plugins/Animation/ControlRig/Content/Controls/ControlRig_Wedge_3mm.uexp" 234
"../../../Engine/Plugins/Animation/ControlRig/Content/Controls/ControlRig_Wedge_1mm.uasset" 235
"../../../Engine/Plugins/Animation/ControlRig/Content/Controls/ControlRig_Wedge_1mm.uexp" 236
"../../../Engine/Plugins/Animation/ControlRig/Content/Controls/ControlRig_Triangle_solid.uasset" 237
"../../../Engine/Plugins/Animation/ControlRig/Content/Controls/ControlRig_Triangle_solid.uexp" 238
"../../../Engine/Plugins/Animation/ControlRig/Content/Controls/ControlRig_Triangle_3mm.uasset" 239
"../../../Engine/Plugins/Animation/ControlRig/Content/Controls/ControlRig_Triangle_3mm.uexp" 240
"../../../Engine/Plugins/Animation/ControlRig/Content/Controls/ControlRig_Triangle_1mm.uasset" 241
"../../../Engine/Plugins/Animation/ControlRig/Content/Controls/ControlRig_Triangle_1mm.uexp" 242
"../../../Engine/Plugins/Animation/ControlRig/Content/Controls/ControlRig_Star4_solid.uasset" 243
"../../../Engine/Plugins/Animation/ControlRig/Content/Controls/ControlRig_Star4_solid.uexp" 244
"../../../Engine/Plugins/Animation/ControlRig/Content/Controls/ControlRig_Star4_3mm.uasset" 245
"../../../Engine/Plugins/Animation/ControlRig/Content/Controls/ControlRig_Star4_3mm.uexp" 246
"../../../Engine/Plugins/Animation/ControlRig/Content/Controls/ControlRig_Star4_1mm.uasset" 247
"../../../Engine/Plugins/Animation/ControlRig/Content/Controls/ControlRig_Star4_1mm.uexp" 248
"../../../Engine/Plugins/Animation/ControlRig/Content/Controls/ControlRig_Square_solid.uasset" 249
"../../../Engine/Plugins/Animation/ControlRig/Content/Controls/ControlRig_Square_solid.uexp" 250
"../../../Engine/Plugins/Animation/ControlRig/Content/Controls/ControlRig_Square_3mm.uasset" 251
"../../../Engine/Plugins/Animation/ControlRig/Content/Controls/ControlRig_Square_3mm.uexp" 252
"../../../Engine/Plugins/Animation/ControlRig/Content/Controls/ControlRig_Square_1mm.uasset" 253
"../../../Engine/Plugins/Animation/ControlRig/Content/Controls/ControlRig_Square_1mm.uexp" 254
"../../../Engine/Plugins/Animation/ControlRig/Content/Controls/ControlRig_Sphere_solid.uasset" 255
"../../../Engine/Plugins/Animation/ControlRig/Content/Controls/ControlRig_Sphere_solid.uexp" 256
"../../../Engine/Plugins/Animation/ControlRig/Content/Controls/ControlRig_Sphere_3mm.uasset" 257
"../../../Engine/Plugins/Animation/ControlRig/Content/Controls/ControlRig_Sphere_3mm.uexp" 258
"../../../Engine/Plugins/Animation/ControlRig/Content/Controls/ControlRig_Sphere_1mm.uasset" 259
"../../../Engine/Plugins/Animation/ControlRig/Content/Controls/ControlRig_Sphere_1mm.uexp" 260
"../../../Engine/Plugins/Animation/ControlRig/Content/Controls/ControlRig_RoundedTriangle_solid.uasset" 261
"../../../Engine/Plugins/Animation/ControlRig/Content/Controls/ControlRig_RoundedTriangle_solid.uexp" 262
"../../../Engine/Plugins/Animation/ControlRig/Content/Controls/ControlRig_RoundedTriangle_3mm.uasset" 263
"../../../Engine/Plugins/Animation/ControlRig/Content/Controls/ControlRig_RoundedTriangle_3mm.uexp" 264
"../../../Engine/Plugins/Animation/ControlRig/Content/Controls/ControlRig_RoundedTriangle_1mm.uasset" 265
"../../../Engine/Plugins/Animation/ControlRig/Content/Controls/ControlRig_RoundedTriangle_1mm.uexp" 266
"../../../Engine/Plugins/Animation/ControlRig/Content/Controls/ControlRig_RoundedSquare_solid.uasset" 267
"../../../Engine/Plugins/Animation/ControlRig/Content/Controls/ControlRig_RoundedSquare_solid.uexp" 268
"../../../Engine/Plugins/Animation/ControlRig/Content/Controls/ControlRig_RoundedSquare_3mm.uasset" 269
"../../../Engine/Plugins/Animation/ControlRig/Content/Controls/ControlRig_RoundedSquare_3mm.uexp" 270
"../../../Engine/Plugins/Animation/ControlRig/Content/Controls/ControlRig_RoundedSquare_1mm.uasset" 271
"../../../Engine/Plugins/Animation/ControlRig/Content/Controls/ControlRig_RoundedSquare_1mm.uexp" 272
"../../../Engine/Plugins/Animation/ControlRig/Content/Controls/ControlRig_QuarterCircle_solid.uasset" 273
"../../../Engine/Plugins/Animation/ControlRig/Content/Controls/ControlRig_QuarterCircle_solid.uexp" 274
"../../../Engine/Plugins/Animation/ControlRig/Content/Controls/ControlRig_QuarterCircle_3mm.uasset" 275
"../../../Engine/Plugins/Animation/ControlRig/Content/Controls/ControlRig_QuarterCircle_3mm.uexp" 276
"../../../Engine/Plugins/Animation/ControlRig/Content/Controls/ControlRig_QuarterCircle_1mm.uasset" 277
"../../../Engine/Plugins/Animation/ControlRig/Content/Controls/ControlRig_QuarterCircle_1mm.uexp" 278
"../../../Engine/Plugins/Animation/ControlRig/Content/Controls/ControlRig_Pyramid_solid.uasset" 279
"../../../Engine/Plugins/Animation/ControlRig/Content/Controls/ControlRig_Pyramid_solid.uexp" 280
"../../../Engine/Plugins/Animation/ControlRig/Content/Controls/ControlRig_Pyramid_3mm.uasset" 281
"../../../Engine/Plugins/Animation/ControlRig/Content/Controls/ControlRig_Pyramid_3mm.uexp" 282
"../../../Engine/Plugins/Animation/ControlRig/Content/Controls/ControlRig_Pyramid_1mm.uasset" 283
"../../../Engine/Plugins/Animation/ControlRig/Content/Controls/ControlRig_Pyramid_1mm.uexp" 284
"../../../Engine/Plugins/Animation/ControlRig/Content/Controls/ControlRig_Octagon_solid.uasset" 285
"../../../Engine/Plugins/Animation/ControlRig/Content/Controls/ControlRig_Octagon_solid.uexp" 286
"../../../Engine/Plugins/Animation/ControlRig/Content/Controls/ControlRig_Octagon_3mm.uasset" 287
"../../../Engine/Plugins/Animation/ControlRig/Content/Controls/ControlRig_Octagon_3mm.uexp" 288
"../../../Engine/Plugins/Animation/ControlRig/Content/Controls/ControlRig_Octagon_1mm.uasset" 289
"../../../Engine/Plugins/Animation/ControlRig/Content/Controls/ControlRig_Octagon_1mm.uexp" 290
"../../../Engine/Plugins/Animation/ControlRig/Content/Controls/ControlRig_Hexagon_solid.uasset" 291
"../../../Engine/Plugins/Animation/ControlRig/Content/Controls/ControlRig_Hexagon_solid.uexp" 292
"../../../Engine/Plugins/Animation/ControlRig/Content/Controls/ControlRig_Hexagon_3mm.uasset" 293
"../../../Engine/Plugins/Animation/ControlRig/Content/Controls/ControlRig_Hexagon_3mm.uexp" 294
"../../../Engine/Plugins/Animation/ControlRig/Content/Controls/ControlRig_Hexagon_1mm.uasset" 295
"../../../Engine/Plugins/Animation/ControlRig/Content/Controls/ControlRig_Hexagon_1mm.uexp" 296
"../../../Engine/Plugins/Animation/ControlRig/Content/Controls/ControlRig_HalfCircle_solid.uasset" 297
"../../../Engine/Plugins/Animation/ControlRig/Content/Controls/ControlRig_HalfCircle_solid.uexp" 298
"../../../Engine/Plugins/Animation/ControlRig/Content/Controls/ControlRig_HalfCircle_3mm.uasset" 299
"../../../Engine/Plugins/Animation/ControlRig/Content/Controls/ControlRig_HalfCircle_3mm.uexp" 300
"../../../Engine/Plugins/Animation/ControlRig/Content/Controls/ControlRig_HalfCircle_1mm.uasset" 301
"../../../Engine/Plugins/Animation/ControlRig/Content/Controls/ControlRig_HalfCircle_1mm.uexp" 302
"../../../Engine/Plugins/Animation/ControlRig/Content/Controls/ControlRig_Diamond_solid.uasset" 303
"../../../Engine/Plugins/Animation/ControlRig/Content/Controls/ControlRig_Diamond_solid.uexp" 304
"../../../Engine/Plugins/Animation/ControlRig/Content/Controls/ControlRig_Diamond_3mm.uasset" 305
"../../../Engine/Plugins/Animation/ControlRig/Content/Controls/ControlRig_Diamond_3mm.uexp" 306
"../../../Engine/Plugins/Animation/ControlRig/Content/Controls/ControlRig_Diamond_1mm.uasset" 307
"../../../Engine/Plugins/Animation/ControlRig/Content/Controls/ControlRig_Diamond_1mm.uexp" 308
"../../../Engine/Plugins/Animation/ControlRig/Content/Controls/ControlRig_Circle_solid.uasset" 309
"../../../Engine/Plugins/Animation/ControlRig/Content/Controls/ControlRig_Circle_solid.uexp" 310
"../../../Engine/Plugins/Animation/ControlRig/Content/Controls/ControlRig_Circle_3mm.uasset" 311
"../../../Engine/Plugins/Animation/ControlRig/Content/Controls/ControlRig_Circle_3mm.uexp" 312
"../../../Engine/Plugins/Animation/ControlRig/Content/Controls/ControlRig_Circle_1mm.uasset" 313
"../../../Engine/Plugins/Animation/ControlRig/Content/Controls/ControlRig_Circle_1mm.uexp" 314
"../../../Engine/Plugins/Animation/ControlRig/Content/Controls/ControlRig_Box_solid.uasset" 315
"../../../Engine/Plugins/Animation/ControlRig/Content/Controls/ControlRig_Box_solid.uexp" 316
"../../../Engine/Plugins/Animation/ControlRig/Content/Controls/ControlRig_Box_3mm.uasset" 317
"../../../Engine/Plugins/Animation/ControlRig/Content/Controls/ControlRig_Box_3mm.uexp" 318
"../../../Engine/Plugins/Animation/ControlRig/Content/Controls/ControlRig_Box_1mm.uasset" 319
"../../../Engine/Plugins/Animation/ControlRig/Content/Controls/ControlRig_Box_1mm.uexp" 320
"../../../Engine/Plugins/Animation/ControlRig/Content/Controls/ControlRig_Arrow_solid.uasset" 321
"../../../Engine/Plugins/Animation/ControlRig/Content/Controls/ControlRig_Arrow_solid.uexp" 322
"../../../Engine/Plugins/Animation/ControlRig/Content/Controls/ControlRig_Arrow_3mm.uasset" 323
"../../../Engine/Plugins/Animation/ControlRig/Content/Controls/ControlRig_Arrow_3mm.uexp" 324
"../../../Engine/Plugins/Animation/ControlRig/Content/Controls/ControlRig_Arrow_1mm.uasset" 325
"../../../Engine/Plugins/Animation/ControlRig/Content/Controls/ControlRig_Arrow_1mm.uexp" 326
"../../../Engine/Plugins/Animation/ControlRig/Content/Controls/ControlRig_Arrow4_solid.uasset" 327
"../../../Engine/Plugins/Animation/ControlRig/Content/Controls/ControlRig_Arrow4_solid.uexp" 328
"../../../Engine/Plugins/Animation/ControlRig/Content/Controls/ControlRig_Arrow4_3mm.uasset" 329
"../../../Engine/Plugins/Animation/ControlRig/Content/Controls/ControlRig_Arrow4_3mm.uexp" 330
"../../../Engine/Plugins/Animation/ControlRig/Content/Controls/ControlRig_Arrow4_1mm.uasset" 331
"../../../Engine/Plugins/Animation/ControlRig/Content/Controls/ControlRig_Arrow4_1mm.uexp" 332
"../../../Engine/Plugins/Animation/ControlRig/Content/Controls/ControlRig_Arrow2_solid.uasset" 333
"../../../Engine/Plugins/Animation/ControlRig/Content/Controls/ControlRig_Arrow2_solid.uexp" 334
"../../../Engine/Plugins/Animation/ControlRig/Content/Controls/ControlRig_Arrow2_3mm.uasset" 335
"../../../Engine/Plugins/Animation/ControlRig/Content/Controls/ControlRig_Arrow2_3mm.uexp" 336
"../../../Engine/Plugins/Animation/ControlRig/Content/Controls/ControlRig_Arrow2_1mm.uasset" 337
"../../../Engine/Plugins/Animation/ControlRig/Content/Controls/ControlRig_Arrow2_1mm.uexp" 338
"../../../Engine/Plugins/Animation/ControlRig/Content/Controls/ControlRigXRayMaterial.uasset" 339
"../../../Engine/Plugins/Animation/ControlRig/Content/Controls/ControlRigXRayMaterial.uexp" 340
"../../../Engine/Plugins/Animation/ControlRig/Content/Controls/ControlRigGizmoMaterial.uasset" 341
"../../../Engine/Plugins/Animation/ControlRig/Content/Controls/ControlRigGizmoMaterial.uexp" 342
"../../../Engine/Content/EngineMaterials/Widget3DPassThrough.uasset" 343
"../../../Engine/Content/EngineMaterials/Widget3DPassThrough.uexp" 344
"../../../Engine/Content/EngineMaterials/Widget3DPassThrough_Translucent.uasset" 345
"../../../Engine/Content/EngineMaterials/Widget3DPassThrough_Translucent.uexp" 346
"../../../Engine/Content/EngineMaterials/Widget3DPassThrough_Translucent_OneSided.uasset" 347
"../../../Engine/Content/EngineMaterials/Widget3DPassThrough_Translucent_OneSided.uexp" 348
"../../../Engine/Content/EngineMaterials/Widget3DPassThrough_Opaque.uasset" 349
"../../../Engine/Content/EngineMaterials/Widget3DPassThrough_Opaque.uexp" 350
"../../../Engine/Content/EngineMaterials/Widget3DPassThrough_Opaque_OneSided.uasset" 351
"../../../Engine/Content/EngineMaterials/Widget3DPassThrough_Opaque_OneSided.uexp" 352
"../../../Engine/Content/EngineMaterials/Widget3DPassThrough_Masked_OneSided.uasset" 353
"../../../Engine/Content/EngineMaterials/Widget3DPassThrough_Masked_OneSided.uexp" 354
"../../../Engine/Content/EngineMaterials/Widget3DPassThrough_Masked.uasset" 355
"../../../Engine/Content/EngineMaterials/Widget3DPassThrough_Masked.uexp" 356
"../../../Engine/Content/EngineMaterials/STBlueNoise_vec2_128x128x64.uasset" 357
"../../../Engine/Content/EngineMaterials/STBlueNoise_vec2_128x128x64.uexp" 358
"../../../Engine/Content/EngineMaterials/STBlueNoise_scalar_128x128x64.uasset" 359
"../../../Engine/Content/EngineMaterials/STBlueNoise_scalar_128x128x64.uexp" 360
"../../../Engine/Content/EngineMaterials/RemoveSurfaceMaterial.uasset" 361
"../../../Engine/Content/EngineMaterials/RemoveSurfaceMaterial.uexp" 362
"../../../Engine/Content/EngineMaterials/DefaultCalibrationGrayscale.uasset" 363
"../../../Engine/Content/EngineMaterials/DefaultCalibrationGrayscale.uexp" 364
"../../../Engine/Content/EngineMaterials/PPM_DefaultCalibrationGrayscale.uasset" 365
"../../../Engine/Content/EngineMaterials/PPM_DefaultCalibrationGrayscale.uexp" 366
"../../../Engine/Content/EngineMaterials/DefaultCalibrationColor.uasset" 367
"../../../Engine/Content/EngineMaterials/DefaultCalibrationColor.uexp" 368
"../../../Engine/Content/EngineMaterials/PPM_DefaultCalibrationColor.uasset" 369
"../../../Engine/Content/EngineMaterials/PPM_DefaultCalibrationColor.uexp" 370
"../../../Engine/Content/EngineMaterials/PhAT_JointLimitMaterial.uasset" 371
"../../../Engine/Content/EngineMaterials/PhAT_JointLimitMaterial.uexp" 372
"../../../Engine/Content/EngineMaterials/NaniteHiddenSectionMaterial.uasset" 373
"../../../Engine/Content/EngineMaterials/NaniteHiddenSectionMaterial.uexp" 374
"../../../Engine/Content/EngineMaterials/InvalidLightmapSettings.ubulk" 375
"../../../Engine/Content/EngineMaterials/InvalidLightmapSettings.uasset" 376
"../../../Engine/Content/EngineMaterials/InvalidLightmapSettings.uexp" 377
"../../../Engine/Content/EngineMaterials/M_InvalidLightmapSettings.uasset" 378
"../../../Engine/Content/EngineMaterials/M_InvalidLightmapSettings.uexp" 379
"../../../Engine/Content/EngineMaterials/GizmoMaterial.uasset" 380
"../../../Engine/Content/EngineMaterials/GizmoMaterial.uexp" 381
"../../../Engine/Content/EngineMaterials/BaseFlattenEmissiveMap_VT.uasset" 382
"../../../Engine/Content/EngineMaterials/BaseFlattenEmissiveMap_VT.uexp" 383
"../../../Engine/Content/EngineMaterials/BaseFlattenGrayscaleMap_VT.uasset" 384
"../../../Engine/Content/EngineMaterials/BaseFlattenGrayscaleMap_VT.uexp" 385
"../../../Engine/Content/EngineMaterials/BaseFlattenLinearColor_VT.uasset" 386
"../../../Engine/Content/EngineMaterials/BaseFlattenLinearColor_VT.uexp" 387
"../../../Engine/Content/EngineMaterials/Black_1x1_EXR_Texture_VT.uasset" 388
"../../../Engine/Content/EngineMaterials/Black_1x1_EXR_Texture_VT.uexp" 389
"../../../Engine/Content/EngineMaterials/BaseFlattenDiffuseMap_VT.uasset" 390
"../../../Engine/Content/EngineMaterials/BaseFlattenDiffuseMap_VT.uexp" 391
"../../../Engine/Content/EngineMaterials/BaseFlattenNormalMap_VT.uasset" 392
"../../../Engine/Content/EngineMaterials/BaseFlattenNormalMap_VT.uexp" 393
"../../../Engine/Content/EngineMaterials/FlattenMaterial_WS_Normal_VT.uasset" 394
"../../../Engine/Content/EngineMaterials/FlattenMaterial_WS_Normal_VT.uexp" 395
"../../../Engine/Content/EngineMaterials/FlattenMaterial_VT.uasset" 396
"../../../Engine/Content/EngineMaterials/FlattenMaterial_VT.uexp" 397
"../../../Engine/Content/EngineMaterials/BaseFlattenNormalMap.uasset" 398
"../../../Engine/Content/EngineMaterials/BaseFlattenNormalMap.uexp" 399
"../../../Engine/Content/EngineMaterials/BaseFlattenGrayscaleMap.uasset" 400
"../../../Engine/Content/EngineMaterials/BaseFlattenGrayscaleMap.uexp" 401
"../../../Engine/Content/EngineMaterials/BaseFlattenDiffuseMap.uasset" 402
"../../../Engine/Content/EngineMaterials/BaseFlattenDiffuseMap.uexp" 403
"../../../Engine/Content/Functions/Engine_MaterialFunctions02/PivotPainter2/Black_1x1_EXR_Texture.uasset" 404
"../../../Engine/Content/Functions/Engine_MaterialFunctions02/PivotPainter2/Black_1x1_EXR_Texture.uexp" 405
"../../../Engine/Content/EngineMaterials/BaseFlattenEmissiveMap.uasset" 406
"../../../Engine/Content/EngineMaterials/BaseFlattenEmissiveMap.uexp" 407
"../../../Engine/Content/EngineMaterials/BaseFlattenLinearColor.uasset" 408
"../../../Engine/Content/EngineMaterials/BaseFlattenLinearColor.uexp" 409
"../../../Engine/Content/EngineMaterials/FlattenMaterial.uasset" 410
"../../../Engine/Content/EngineMaterials/FlattenMaterial.uexp" 411
"../../../Engine/Content/EngineMaterials/DefaultWhiteGrid_Low.uasset" 412
"../../../Engine/Content/EngineMaterials/DefaultWhiteGrid_Low.uexp" 413
"../../../Engine/Content/EngineMaterials/EmissiveMeshMaterial.uasset" 414
"../../../Engine/Content/EngineMaterials/EmissiveMeshMaterial.uexp" 415
"../../../Engine/Content/EngineFonts/RobotoDistanceField.uasset" 416
"../../../Engine/Content/EngineFonts/RobotoDistanceField.uexp" 417
"../../../Engine/Content/EngineMaterials/DefaultTextMaterialOpaque.uasset" 418
"../../../Engine/Content/EngineMaterials/DefaultTextMaterialOpaque.uexp" 419
"../../../Engine/Content/Functions/Engine_MaterialFunctions02/Utility/BreakOutFloat2Components.uasset" 420
"../../../Engine/Content/Functions/Engine_MaterialFunctions02/Utility/BreakOutFloat2Components.uexp" 421
"../../../Engine/Content/EngineMaterials/DefaultPostProcessMaterial.uasset" 422
"../../../Engine/Content/EngineMaterials/DefaultPostProcessMaterial.uexp" 423
"../../../Engine/Content/EngineMaterials/DefaultPhysicalMaterial.uasset" 424
"../../../Engine/Content/EngineMaterials/DefaultPhysicalMaterial.uexp" 425
"../../../Engine/Content/EngineMaterials/DefaultLightFunctionMaterial.uasset" 426
"../../../Engine/Content/EngineMaterials/DefaultLightFunctionMaterial.uexp" 427
"../../../Engine/Content/EngineMaterials/DefaultDestructiblePhysicalMaterial.uasset" 428
"../../../Engine/Content/EngineMaterials/DefaultDestructiblePhysicalMaterial.uexp" 429
"../../../Engine/Content/EngineMaterials/DefaultDeferredDecalMaterial.uasset" 430
"../../../Engine/Content/EngineMaterials/DefaultDeferredDecalMaterial.uexp" 431
"../../../Engine/Content/EngineMaterials/DefaultBloomKernel.uasset" 432
"../../../Engine/Content/EngineMaterials/DefaultBloomKernel.uexp" 433
"../../../Engine/Content/EngineFonts/Faces/RobotoLight.uexp" 434
"../../../Engine/Content/EngineFonts/Faces/RobotoLight.uasset" 435
"../../../Engine/Content/EngineFonts/Faces/RobotoLight.ufont" 436
"../../../Engine/Content/EngineFonts/Faces/RobotoBold.uexp" 437
"../../../Engine/Content/EngineFonts/Faces/RobotoBold.uasset" 438
"../../../Engine/Content/EngineFonts/Faces/RobotoBold.ufont" 439
"../../../Engine/Content/EngineFonts/Faces/RobotoRegular.uexp" 440
"../../../Engine/Content/EngineFonts/Faces/RobotoRegular.uasset" 441
"../../../Engine/Content/EngineFonts/Faces/RobotoRegular.ufont" 442
"../../../Engine/Content/EngineFonts/Faces/DroidSansFallback.uexp" 443
"../../../Engine/Content/EngineFonts/Faces/DroidSansFallback.uasset" 444
"../../../Engine/Content/EngineFonts/Faces/DroidSansFallback.ufont" 445
"../../../Engine/Content/EngineFonts/Faces/RobotoItalic.uexp" 446
"../../../Engine/Content/EngineFonts/Faces/RobotoItalic.uasset" 447
"../../../Engine/Content/EngineFonts/Faces/RobotoItalic.ufont" 448
"../../../Engine/Content/EngineFonts/Faces/RobotoBoldItalic.uexp" 449
"../../../Engine/Content/EngineFonts/Faces/RobotoBoldItalic.uasset" 450
"../../../Engine/Content/EngineFonts/Faces/RobotoBoldItalic.ufont" 451
"../../../Engine/Content/EngineFonts/Roboto.uasset" 452
"../../../Engine/Content/EngineFonts/Roboto.uexp" 453
"../../../Engine/Content/Functions/Engine_MaterialFunctions02/Utility/CameraDirectionVector.uasset" 454
"../../../Engine/Content/Functions/Engine_MaterialFunctions02/Utility/CameraDirectionVector.uexp" 455
"../../../Engine/Content/EngineDebugMaterials/VolumeToRender.uasset" 456
"../../../Engine/Content/EngineDebugMaterials/VolumeToRender.uexp" 457
"../../../Engine/Content/EngineDebugMaterials/M_VolumeRenderSphereTracePP.uasset" 458
"../../../Engine/Content/EngineDebugMaterials/M_VolumeRenderSphereTracePP.uexp" 459
"../../../Engine/Content/EngineDebugMaterials/M_SimpleUnlitTranslucent.uasset" 460
"../../../Engine/Content/EngineDebugMaterials/M_SimpleUnlitTranslucent.uexp" 461
"../../../Engine/Content/EngineDebugMaterials/DebugMeshMaterial.uasset" 462
"../../../Engine/Content/EngineDebugMaterials/DebugMeshMaterial.uexp" 463
"../../../Engine/Content/EngineDebugMaterials/DebugEditorMaterial.uasset" 464
"../../../Engine/Content/EngineDebugMaterials/DebugEditorMaterial.uexp" 465
"../../../Engine/Content/EngineDamageTypes/DmgTypeBP_Environmental.uasset" 466
"../../../Engine/Content/EngineDamageTypes/DmgTypeBP_Environmental.uexp" 467
"../../../Engine/Content/EditorResources/EmptyActor.uasset" 468
"../../../Engine/Content/EditorResources/EmptyActor.uexp" 469
"../../../Engine/Content/EditorResources/BSPVertex.uasset" 470
"../../../Engine/Content/EditorResources/BSPVertex.uexp" 471
"../../../Engine/Content/EditorMaterials/PreviewShadowIndicator.ubulk" 472
"../../../Engine/Content/EditorMaterials/PreviewShadowIndicator.uasset" 473
"../../../Engine/Content/EditorMaterials/PreviewShadowIndicator.uexp" 474
"../../../Engine/Content/EditorMaterials/PreviewShadowIndicatorMaterial.uasset" 475
"../../../Engine/Content/EditorMaterials/PreviewShadowIndicatorMaterial.uexp" 476
"../../../Engine/Content/EditorMaterials/PhAT_UnselectedMaterial.uasset" 477
"../../../Engine/Content/EditorMaterials/PhAT_UnselectedMaterial.uexp" 478
"../../../Engine/Content/EditorMaterials/PhAT_NoCollisionMaterial.uasset" 479
"../../../Engine/Content/EditorMaterials/PhAT_NoCollisionMaterial.uexp" 480
"../../../Engine/Content/EngineMaterials/DefaultMaterial.uasset" 481
"../../../Engine/Content/EngineMaterials/DefaultMaterial.uexp" 482
"../../../Engine/Content/BasicShapes/Sphere.uasset" 483
"../../../Engine/Content/BasicShapes/Sphere.uexp" 484
"../../../Engine/Content/BasicShapes/Plane.uasset" 485
"../../../Engine/Content/BasicShapes/Plane.uexp" 486
"../../../Engine/Content/BasicShapes/Cylinder.uasset" 487
"../../../Engine/Content/BasicShapes/Cylinder.uexp" 488
"../../../Engine/Content/BasicShapes/Cone.uasset" 489
"../../../Engine/Content/BasicShapes/Cone.uexp" 490
"../../../Engine/Content/Animation/DefaultRecorderBoneCompression.uasset" 491
"../../../Engine/Content/Animation/DefaultRecorderBoneCompression.uexp" 492
"../../../Engine/Content/Animation/DefaultAnimCurveCompressionSettings.uasset" 493
"../../../Engine/Content/Animation/DefaultAnimCurveCompressionSettings.uexp" 494
"../../../Engine/Content/Animation/DefaultAnimBoneCompressionSettings.uasset" 495
"../../../Engine/Content/Animation/DefaultAnimBoneCompressionSettings.uexp" 496
"../../../Engine/Content/EditorResources/LightIcons/S_LightError.uasset" 497
"../../../Engine/Content/EditorResources/LightIcons/S_LightError.uexp" 498
"../../../Engine/Plugins/Enterprise/DatasmithContent/Content/Materials/_common/Textures/T_GenericBrickGlass_M.ubulk" 499
"../../../Engine/Plugins/Enterprise/DatasmithContent/Content/Materials/_common/Textures/T_GenericBrickGlass_M.uasset" 500
"../../../Engine/Plugins/Enterprise/DatasmithContent/Content/Materials/_common/Textures/T_GenericBrickGlass_M.uexp" 501
"../../../Engine/Content/Functions/Engine_MaterialFunctions02/Math/Transform3x3Matrix.uasset" 502
"../../../Engine/Content/Functions/Engine_MaterialFunctions02/Math/Transform3x3Matrix.uexp" 503
"../../../Engine/Plugins/Enterprise/DatasmithContent/Content/Materials/_common/Textures/T_Generic_N.uasset" 504
"../../../Engine/Plugins/Enterprise/DatasmithContent/Content/Materials/_common/Textures/T_Generic_N.uexp" 505
"../../../Engine/Plugins/Enterprise/DatasmithContent/Content/Materials/_common/MaterialFunctions/MF_Triplanar_NormalsCorrection.uasset" 506
"../../../Engine/Plugins/Enterprise/DatasmithContent/Content/Materials/_common/MaterialFunctions/MF_Triplanar_NormalsCorrection.uexp" 507
"../../../Engine/Content/Functions/Engine_MaterialFunctions02/Utility/MakeFloat3.uasset" 508
"../../../Engine/Content/Functions/Engine_MaterialFunctions02/Utility/MakeFloat3.uexp" 509
"../../../Engine/Plugins/Enterprise/DatasmithContent/Content/Materials/_common/MaterialFunctions/BaseModules/MF_Normals.uasset" 510
"../../../Engine/Plugins/Enterprise/DatasmithContent/Content/Materials/_common/MaterialFunctions/BaseModules/MF_Normals.uexp" 511
"../../../Engine/Plugins/Enterprise/DatasmithContent/Content/Materials/_common/MaterialFunctions/MF_RotateV2.uasset" 512
"../../../Engine/Plugins/Enterprise/DatasmithContent/Content/Materials/_common/MaterialFunctions/MF_RotateV2.uexp" 513
"../../../Engine/Plugins/Enterprise/DatasmithContent/Content/Materials/_common/MaterialFunctions/MF_TransUVs.uasset" 514
"../../../Engine/Plugins/Enterprise/DatasmithContent/Content/Materials/_common/MaterialFunctions/MF_TransUVs.uexp" 515
"../../../Engine/Plugins/Enterprise/DatasmithContent/Content/Materials/_common/MaterialFunctions/BaseModules/MF_TransformUVs.uasset" 516
"../../../Engine/Plugins/Enterprise/DatasmithContent/Content/Materials/_common/MaterialFunctions/BaseModules/MF_TransformUVs.uexp" 517
"../../../Engine/Plugins/Enterprise/DatasmithContent/Content/Materials/StdTranslucent/MFAttr_StdTranslucent.uasset" 518
"../../../Engine/Plugins/Enterprise/DatasmithContent/Content/Materials/StdTranslucent/MFAttr_StdTranslucent.uexp" 519
"../../../Engine/Content/Functions/Engine_MaterialFunctions02/WorldPositionOffset/LocalPosition.uasset" 520
"../../../Engine/Content/Functions/Engine_MaterialFunctions02/WorldPositionOffset/LocalPosition.uexp" 521
"../../../Engine/Plugins/Enterprise/DatasmithContent/Content/Materials/_common/MaterialFunctions/MF_Triplanar_Mask.uasset" 522
"../../../Engine/Plugins/Enterprise/DatasmithContent/Content/Materials/_common/MaterialFunctions/MF_Triplanar_Mask.uexp" 523
"../../../Engine/Plugins/Enterprise/DatasmithContent/Content/Materials/_common/MaterialFunctions/MF_TriplanerProj.uasset" 524
"../../../Engine/Plugins/Enterprise/DatasmithContent/Content/Materials/_common/MaterialFunctions/MF_TriplanerProj.uexp" 525
"../../../Engine/Plugins/Enterprise/DatasmithContent/Content/Materials/StdTranslucent/M_StdTranslucent.uasset" 526
"../../../Engine/Plugins/Enterprise/DatasmithContent/Content/Materials/StdTranslucent/M_StdTranslucent.uexp" 527
"../../../Engine/Content/Functions/Engine_MaterialFunctions02/Math/InverseTransformMatrix.uasset" 528
"../../../Engine/Content/Functions/Engine_MaterialFunctions02/Math/InverseTransformMatrix.uexp" 529
"../../../Engine/Plugins/Enterprise/DatasmithContent/Content/Materials/_common/MaterialFunctions/MF_ViewTrace_DerivedTan.uasset" 530
"../../../Engine/Plugins/Enterprise/DatasmithContent/Content/Materials/_common/MaterialFunctions/MF_ViewTrace_DerivedTan.uexp" 531
"../../../Engine/Plugins/Enterprise/DatasmithContent/Content/Materials/_common/MaterialFunctions/RayTracing/MF_RTSwitch.uasset" 532
"../../../Engine/Plugins/Enterprise/DatasmithContent/Content/Materials/_common/MaterialFunctions/RayTracing/MF_RTSwitch.uexp" 533
"../../../Engine/Plugins/Enterprise/DatasmithContent/Content/Materials/_common/MaterialFunctions/MF_ViewTrace_InternalTan.uasset" 534
"../../../Engine/Plugins/Enterprise/DatasmithContent/Content/Materials/_common/MaterialFunctions/MF_ViewTrace_InternalTan.uexp" 535
"../../../Engine/Plugins/Enterprise/DatasmithContent/Content/Materials/_common/Textures/T_Generic_H.uasset" 536
"../../../Engine/Plugins/Enterprise/DatasmithContent/Content/Materials/_common/Textures/T_Generic_H.uexp" 537
"../../../Engine/Plugins/Enterprise/DatasmithContent/Content/Materials/_common/MaterialFunctions/BaseModules/MF_ParallaxOcc.uasset" 538
"../../../Engine/Plugins/Enterprise/DatasmithContent/Content/Materials/_common/MaterialFunctions/BaseModules/MF_ParallaxOcc.uexp" 539
"../../../Engine/Plugins/Enterprise/DatasmithContent/Content/Materials/_common/Textures/T_Generic_BC.uasset" 540
"../../../Engine/Plugins/Enterprise/DatasmithContent/Content/Materials/_common/Textures/T_Generic_BC.uexp" 541
"../../../Engine/Plugins/Enterprise/DatasmithContent/Content/Materials/_common/Textures/T_Generic_M.uasset" 542
"../../../Engine/Plugins/Enterprise/DatasmithContent/Content/Materials/_common/Textures/T_Generic_M.uexp" 543
"../../../Engine/Plugins/Enterprise/DatasmithContent/Content/Materials/_common/MaterialFunctions/BaseModules/MF_BaseColor.uasset" 544
"../../../Engine/Plugins/Enterprise/DatasmithContent/Content/Materials/_common/MaterialFunctions/BaseModules/MF_BaseColor.uexp" 545
"../../../Engine/Plugins/Enterprise/DatasmithContent/Content/Materials/_common/Textures/T_Generic_E.uasset" 546
"../../../Engine/Plugins/Enterprise/DatasmithContent/Content/Materials/_common/Textures/T_Generic_E.uexp" 547
"../../../Engine/Plugins/Enterprise/DatasmithContent/Content/Materials/_common/MaterialFunctions/BaseModules/MF_Emissive.uasset" 548
"../../../Engine/Plugins/Enterprise/DatasmithContent/Content/Materials/_common/MaterialFunctions/BaseModules/MF_Emissive.uexp" 549
"../../../Engine/Plugins/Enterprise/DatasmithContent/Content/Materials/_common/Textures/T_Generic_MT.uasset" 550
"../../../Engine/Plugins/Enterprise/DatasmithContent/Content/Materials/_common/Textures/T_Generic_MT.uexp" 551
"../../../Engine/Plugins/Enterprise/DatasmithContent/Content/Materials/_common/MaterialFunctions/BaseModules/MF_Metallic.uasset" 552
"../../../Engine/Plugins/Enterprise/DatasmithContent/Content/Materials/_common/MaterialFunctions/BaseModules/MF_Metallic.uexp" 553
"../../../Engine/Plugins/Enterprise/DatasmithContent/Content/Materials/_common/Textures/T_GenericHalfGray_R.uasset" 554
"../../../Engine/Plugins/Enterprise/DatasmithContent/Content/Materials/_common/Textures/T_GenericHalfGray_R.uexp" 555
"../../../Engine/Plugins/Enterprise/DatasmithContent/Content/Materials/_common/MaterialFunctions/BaseModules/MF_Roughness.uasset" 556
"../../../Engine/Plugins/Enterprise/DatasmithContent/Content/Materials/_common/MaterialFunctions/BaseModules/MF_Roughness.uexp" 557
"../../../Engine/Plugins/Enterprise/DatasmithContent/Content/Materials/StdOpaque/MFAttr_StdOpaque.uasset" 558
"../../../Engine/Plugins/Enterprise/DatasmithContent/Content/Materials/StdOpaque/MFAttr_StdOpaque.uexp" 559
"../../../Engine/Plugins/Enterprise/DatasmithContent/Content/Materials/StdOpaque/M_StdOpaque.uasset" 560
"../../../Engine/Plugins/Enterprise/DatasmithContent/Content/Materials/StdOpaque/M_StdOpaque.uexp" 561
"../../../Engine/Plugins/Enterprise/DatasmithContent/Content/Materials/StdEmissive/MFAttr_Emissive.uasset" 562
"../../../Engine/Plugins/Enterprise/DatasmithContent/Content/Materials/StdEmissive/MFAttr_Emissive.uexp" 563
"../../../Engine/Plugins/Enterprise/DatasmithContent/Content/Materials/StdEmissive/M_StdEmissive.uasset" 564
"../../../Engine/Plugins/Enterprise/DatasmithContent/Content/Materials/StdEmissive/M_StdEmissive.uexp" 565
"../../../Engine/Plugins/Enterprise/DatasmithContent/Content/Materials/StdDecal/MFAttr_Decal.uasset" 566
"../../../Engine/Plugins/Enterprise/DatasmithContent/Content/Materials/StdDecal/MFAttr_Decal.uexp" 567
"../../../Engine/Plugins/Enterprise/DatasmithContent/Content/Materials/StdDecal/M_StdDecal.uasset" 568
"../../../Engine/Plugins/Enterprise/DatasmithContent/Content/Materials/StdDecal/M_StdDecal.uexp" 569
"../../../Engine/Content/EngineSky/VolumetricClouds/CloudWeatherTexture.uasset" 570
"../../../Engine/Content/EngineSky/VolumetricClouds/CloudWeatherTexture.uexp" 571
"../../../Engine/Content/Functions/Engine_MaterialFunctions02/Utility/MakeFloat2.uasset" 572
"../../../Engine/Content/Functions/Engine_MaterialFunctions02/Utility/MakeFloat2.uexp" 573
"../../../Engine/Content/EngineSky/VolumetricClouds/CloudGradientTexture.uasset" 574
"../../../Engine/Content/EngineSky/VolumetricClouds/CloudGradientTexture.uexp" 575
"../../../Engine/Content/EngineSky/VolumetricClouds/T_NoiseShape64.ubulk" 576
"../../../Engine/Content/EngineSky/VolumetricClouds/T_NoiseShape64.uasset" 577
"../../../Engine/Content/EngineSky/VolumetricClouds/T_NoiseShape64.uexp" 578
"../../../Engine/Content/EngineSky/VolumetricClouds/T_VolumeNoiseShape64.uasset" 579
"../../../Engine/Content/EngineSky/VolumetricClouds/T_VolumeNoiseShape64.uexp" 580
"../../../Engine/Content/EngineSky/VolumetricClouds/T_NoiseErosion.ubulk" 581
"../../../Engine/Content/EngineSky/VolumetricClouds/T_NoiseErosion.uasset" 582
"../../../Engine/Content/EngineSky/VolumetricClouds/T_NoiseErosion.uexp" 583
"../../../Engine/Content/EngineSky/VolumetricClouds/T_VolumeNoiseErosion32.uasset" 584
"../../../Engine/Content/EngineSky/VolumetricClouds/T_VolumeNoiseErosion32.uexp" 585
"../../../Engine/Content/EngineSky/VolumetricClouds/m_SimpleVolumetricCloud.uasset" 586
"../../../Engine/Content/EngineSky/VolumetricClouds/m_SimpleVolumetricCloud.uexp" 587
"../../../Engine/Content/EngineSky/VolumetricClouds/m_SimpleVolumetricCloud_Inst.uasset" 588
"../../../Engine/Content/EngineSky/VolumetricClouds/m_SimpleVolumetricCloud_Inst.uexp" 589
"../../../Engine/Content/EngineResources/FilmGrains/Marcie_Grain_v3_128_M2_000.uasset" 590
"../../../Engine/Content/EngineResources/FilmGrains/Marcie_Grain_v3_128_M2_000.uexp" 591
"../../../Engine/Content/EditorResources/SequenceRecorder/RecordingIndicator.uasset" 592
"../../../Engine/Content/EditorResources/SequenceRecorder/RecordingIndicator.uexp" 593
"../../../Engine/Content/EditorResources/SequenceRecorder/Countdown.uasset" 594
"../../../Engine/Content/EditorResources/SequenceRecorder/Countdown.uexp" 595
"../../../Engine/Content/Functions/Engine_MaterialFunctions01/Shading/PowerToRoughness.uasset" 596
"../../../Engine/Content/Functions/Engine_MaterialFunctions01/Shading/PowerToRoughness.uexp" 597
"../../../Engine/Content/Functions/Engine_MaterialFunctions01/Shading/ConvertFromDiffSpec.uasset" 598
"../../../Engine/Content/Functions/Engine_MaterialFunctions01/Shading/ConvertFromDiffSpec.uexp" 599
"../../../Engine/Content/EngineSky/C_Sky_Horizon_Color.uasset" 600
"../../../Engine/Content/EngineSky/C_Sky_Horizon_Color.uexp" 601
"../../../Engine/Content/EngineSky/T_Sky_Stars.ubulk" 602
"../../../Engine/Content/EngineSky/T_Sky_Stars.uasset" 603
"../../../Engine/Content/EngineSky/T_Sky_Stars.uexp" 604
"../../../Engine/Content/EngineSky/T_Sky_Clouds_M.ubulk" 605
"../../../Engine/Content/EngineSky/T_Sky_Clouds_M.uasset" 606
"../../../Engine/Content/EngineSky/T_Sky_Clouds_M.uexp" 607
"../../../Engine/Content/EngineSky/T_Sky_Blue.ubulk" 608
"../../../Engine/Content/EngineSky/T_Sky_Blue.uasset" 609
"../../../Engine/Content/EngineSky/T_Sky_Blue.uexp" 610
"../../../Engine/Content/EngineSky/M_Sky_Panning_Clouds2.uasset" 611
"../../../Engine/Content/EngineSky/M_Sky_Panning_Clouds2.uexp" 612
"../../../Engine/Content/EngineSky/SM_SkySphere.uasset" 613
"../../../Engine/Content/EngineSky/SM_SkySphere.uexp" 614
"../../../Engine/Content/EngineSky/C_Sky_Cloud_Color.uasset" 615
"../../../Engine/Content/EngineSky/C_Sky_Cloud_Color.uexp" 616
"../../../Engine/Content/EngineSky/C_Sky_Zenith_Color.uasset" 617
"../../../Engine/Content/EngineSky/C_Sky_Zenith_Color.uexp" 618
"../../../Engine/Content/EditorBlueprintResources/StandardMacros.uasset" 619
"../../../Engine/Content/EditorBlueprintResources/StandardMacros.uexp" 620
"../../../Engine/Content/EngineSky/BP_Sky_Sphere.uasset" 621
"../../../Engine/Content/EngineSky/BP_Sky_Sphere.uexp" 622
"C:/Users/JJJai/Documents/Unreal Projects/Bowling/Content/Textures/New_Graph_normal.ubulk" 623
"C:/Users/JJJai/Documents/Unreal Projects/Bowling/Content/Textures/New_Graph_normal.uasset" 624
"C:/Users/JJJai/Documents/Unreal Projects/Bowling/Content/Textures/New_Graph_normal.uexp" 625
"C:/Users/JJJai/Documents/Unreal Projects/Bowling/Content/Textures/New_Graph_ambientocclusion.ubulk" 626
"C:/Users/JJJai/Documents/Unreal Projects/Bowling/Content/Textures/New_Graph_ambientocclusion.uasset" 627
"C:/Users/JJJai/Documents/Unreal Projects/Bowling/Content/Textures/New_Graph_ambientocclusion.uexp" 628
"C:/Users/JJJai/Documents/Unreal Projects/Bowling/Content/Textures/New_Graph_roughness.ubulk" 629
"C:/Users/JJJai/Documents/Unreal Projects/Bowling/Content/Textures/New_Graph_roughness.uasset" 630
"C:/Users/JJJai/Documents/Unreal Projects/Bowling/Content/Textures/New_Graph_roughness.uexp" 631
"C:/Users/JJJai/Documents/Unreal Projects/Bowling/Content/Textures/New_Graph_basecolor.ubulk" 632
"C:/Users/JJJai/Documents/Unreal Projects/Bowling/Content/Textures/New_Graph_basecolor.uasset" 633
"C:/Users/JJJai/Documents/Unreal Projects/Bowling/Content/Textures/New_Graph_basecolor.uexp" 634
"C:/Users/JJJai/Documents/Unreal Projects/Bowling/Content/Materials/LaneFloor.uasset" 635
"C:/Users/JJJai/Documents/Unreal Projects/Bowling/Content/Materials/LaneFloor.uexp" 636
"C:/Users/JJJai/Documents/Unreal Projects/Bowling/Content/StarterContent/Materials/M_Basic_Wall.uasset" 637
"C:/Users/JJJai/Documents/Unreal Projects/Bowling/Content/StarterContent/Materials/M_Basic_Wall.uexp" 638
"C:/Users/JJJai/Documents/Unreal Projects/Bowling/Content/StarterContent/Shapes/Shape_Plane.uasset" 639
"C:/Users/JJJai/Documents/Unreal Projects/Bowling/Content/StarterContent/Shapes/Shape_Plane.uexp" 640
"../../../Engine/Content/BasicShapes/Cube.uasset" 641
"../../../Engine/Content/BasicShapes/Cube.uexp" 642
"C:/Users/JJJai/Documents/Unreal Projects/Bowling/Content/Textures/dotted-line.uasset" 643
"C:/Users/JJJai/Documents/Unreal Projects/Bowling/Content/Textures/dotted-line.uexp" 644
"../../../Engine/Content/Functions/Engine_MaterialFunctions02/WorldPositionOffset/V2/ObjectScale.uasset" 645
"../../../Engine/Content/Functions/Engine_MaterialFunctions02/WorldPositionOffset/V2/ObjectScale.uexp" 646
"C:/Users/JJJai/Documents/Unreal Projects/Bowling/Content/Materials/LineDecal.uasset" 647
"C:/Users/JJJai/Documents/Unreal Projects/Bowling/Content/Materials/LineDecal.uexp" 648
"C:/Users/JJJai/Documents/Unreal Projects/Bowling/Content/StarterContent/Shapes/Shape_NarrowCapsule.uasset" 649
"C:/Users/JJJai/Documents/Unreal Projects/Bowling/Content/StarterContent/Shapes/Shape_NarrowCapsule.uexp" 650
"C:/Users/JJJai/Documents/Unreal Projects/Bowling/Content/Materials/BallMaterialInstance.uasset" 651
"C:/Users/JJJai/Documents/Unreal Projects/Bowling/Content/Materials/BallMaterialInstance.uexp" 652
"C:/Users/JJJai/Documents/Unreal Projects/Bowling/Content/StarterContent/Props/MaterialSphere.uasset" 653
"C:/Users/JJJai/Documents/Unreal Projects/Bowling/Content/StarterContent/Props/MaterialSphere.uexp" 654
"C:/Users/JJJai/Documents/Unreal Projects/Bowling/Content/BluePrints/BallBase_BP.uasset" 655
"C:/Users/JJJai/Documents/Unreal Projects/Bowling/Content/BluePrints/BallBase_BP.uexp" 656
"C:/Users/JJJai/Documents/Unreal Projects/Bowling/Content/BluePrints/BowlerPawnNew_BP.uasset" 657
"C:/Users/JJJai/Documents/Unreal Projects/Bowling/Content/BluePrints/BowlerPawnNew_BP.uexp" 658
"C:/Users/JJJai/Documents/Unreal Projects/Bowling/Content/BluePrints/BowlerPlayerController_BP.uasset" 659
"C:/Users/JJJai/Documents/Unreal Projects/Bowling/Content/BluePrints/BowlerPlayerController_BP.uexp" 660
"C:/Users/JJJai/Documents/Unreal Projects/Bowling/Content/BluePrints/BowlingGameMode_BP.uasset" 661
"C:/Users/JJJai/Documents/Unreal Projects/Bowling/Content/BluePrints/BowlingGameMode_BP.uexp" 662
"../../../Engine/Content/BasicShapes/BasicShapeMaterial.uasset" 663
"../../../Engine/Content/BasicShapes/BasicShapeMaterial.uexp" 664
"C:/Users/JJJai/Documents/Unreal Projects/Bowling/Content/Models/Bowling_Pin/Materials/0_material.uasset" 665
"C:/Users/JJJai/Documents/Unreal Projects/Bowling/Content/Models/Bowling_Pin/Materials/0_material.uexp" 666
"C:/Users/JJJai/Documents/Unreal Projects/Bowling/Content/Models/Bowling_Pin/0_Object_0.uasset" 667
"C:/Users/JJJai/Documents/Unreal Projects/Bowling/Content/Models/Bowling_Pin/0_Object_0.uexp" 668
"C:/Users/JJJai/Documents/Unreal Projects/Bowling/Content/Models/Bowling_Pin/Materials/1_PinStripe.uasset" 669
"C:/Users/JJJai/Documents/Unreal Projects/Bowling/Content/Models/Bowling_Pin/Materials/1_PinStripe.uexp" 670
"C:/Users/JJJai/Documents/Unreal Projects/Bowling/Content/Models/Bowling_Pin/1_Object_1.uasset" 671
"C:/Users/JJJai/Documents/Unreal Projects/Bowling/Content/Models/Bowling_Pin/1_Object_1.uexp" 672
"C:/Users/JJJai/Documents/Unreal Projects/Bowling/Content/BluePrints/Pin_BP.uasset" 673
"C:/Users/JJJai/Documents/Unreal Projects/Bowling/Content/BluePrints/Pin_BP.uexp" 674
"C:/Users/JJJai/Documents/Unreal Projects/Bowling/Content/BluePrints/PinSetter_BP.uasset" 675
"C:/Users/JJJai/Documents/Unreal Projects/Bowling/Content/BluePrints/PinSetter_BP.uexp" 676
"C:/Users/JJJai/Documents/Unreal Projects/Bowling/Content/Models/Gutter/gutter.uasset" 677
"C:/Users/JJJai/Documents/Unreal Projects/Bowling/Content/Models/Gutter/gutter.uexp" 678
"../../../Engine/Content/MapTemplates/SM_Template_Map_Floor.uasset" 679
"../../../Engine/Content/MapTemplates/SM_Template_Map_Floor.uexp" 680
"C:/Users/JJJai/Documents/Unreal Projects/Bowling/Content/NewMap_BuiltData.ubulk" 681
"C:/Users/JJJai/Documents/Unreal Projects/Bowling/Content/NewMap_BuiltData.uasset" 682
"C:/Users/JJJai/Documents/Unreal Projects/Bowling/Content/NewMap_BuiltData.uexp" 683
"C:/Users/JJJai/Documents/Unreal Projects/Bowling/Content/StarterContent/Materials/M_Basic_Floor.uasset" 684
"C:/Users/JJJai/Documents/Unreal Projects/Bowling/Content/StarterContent/Materials/M_Basic_Floor.uexp" 685
"C:/Users/JJJai/Documents/Unreal Projects/Bowling/Content/BluePrints/PinSpawnPoint_BP.uasset" 686
"C:/Users/JJJai/Documents/Unreal Projects/Bowling/Content/BluePrints/PinSpawnPoint_BP.uexp" 687
"C:/Users/JJJai/Documents/Unreal Projects/Bowling/Content/NewMap.uexp" 688
"C:/Users/JJJai/Documents/Unreal Projects/Bowling/Content/NewMap.umap" 689
"../../../Engine/Content/Maps/Entry_BuiltData.uasset" 690
"../../../Engine/Content/Maps/Entry_BuiltData.uexp" 691
"../../../Engine/Content/Maps/Entry.uexp" 692
"../../../Engine/Content/Maps/Entry.umap" 693
